<?xml version="1.0" encoding="UTF-8"?>
<!-- Generated by org.testng.reporters.JUnitReportReporter -->
<testsuite skipped="1" hostname="LAPTOP-C85JR1KG" name="examplePackage.SelectExample1" tests="1" failures="0" timestamp="23 Jun 2019 04:05:07 GMT" time="0.000" errors="0">
  <testcase name="f3" time="0.000" classname="examplePackage.SelectExample1">
    <skipped/>
  </testcase> <!-- f3 -->
</testsuite> <!-- examplePackage.SelectExample1 -->
