<?xml version="1.0" encoding="UTF-8"?>
<!-- Generated by org.testng.reporters.JUnitReportReporter -->
<testsuite skipped="4" hostname="LAPTOP-C85JR1KG" name="examplePackage.Test2" tests="4" failures="0" timestamp="23 Jun 2019 04:05:07 GMT" time="0.000" errors="0">
  <testcase name="mul" time="0.000" classname="examplePackage.Test2">
    <skipped/>
  </testcase> <!-- mul -->
  <testcase name="div" time="0.000" classname="examplePackage.Test2">
    <skipped/>
  </testcase> <!-- div -->
  <testcase name="sub" time="0.000" classname="examplePackage.Test2">
    <skipped/>
  </testcase> <!-- sub -->
  <testcase name="add" time="0.000" classname="examplePackage.Test2">
    <skipped/>
  </testcase> <!-- add -->
</testsuite> <!-- examplePackage.Test2 -->
