<?xml version="1.0" encoding="UTF-8"?>
<!-- Generated by org.testng.reporters.JUnitReportReporter -->
<testsuite skipped="0" hostname="LAPTOP-C85JR1KG" name="examplePackage.SelectExample1" tests="1" failures="0" timestamp="09 Nov 2019 11:04:04 GMT" time="6.539" errors="0">
  <testcase name="f3" time="6.539" classname="examplePackage.SelectExample1"/>
</testsuite> <!-- examplePackage.SelectExample1 -->
